This file contains any messages produced by compilers while
running configure, to aid debugging if configure makes a mistake.

It was created by Verilator configure 4.014 2019-05-08, which was
generated by GNU Autoconf 2.69.  Invocation command line was

  $ ./configure --prefix=/home/ruaro/openpiton/piton/design/chip/tile/ariane//tmp/verilator-4.014/

## --------- ##
## Platform. ##
## --------- ##

hostname = note-ubs
uname -m = x86_64
uname -r = 5.4.0-72-generic
uname -s = Linux
uname -v = #80~18.04.1-Ubuntu SMP Mon Apr 12 23:26:25 UTC 2021

/usr/bin/uname -p = unknown
/bin/uname -X     = unknown

/bin/arch              = unknown
/usr/bin/arch -k       = unknown
/usr/convex/getsysinfo = unknown
/usr/bin/hostinfo      = unknown
/bin/machine           = unknown
/usr/bin/oslevel       = unknown
/bin/universe          = unknown

PATH: /home/ruaro/openpiton/piton/tools/bin
PATH: /usr/bin
PATH: /scratch/ruaro/riscv_install/bin
PATH: /home/ruaro/openpiton/piton/design/chip/tile/ariane//tmp/verilator-4.014//bin
PATH: /home/ruaro/openpiton/piton/tools/bin
PATH: /usr/bin
PATH: /home/ruaro/memphis/build_env/bin
PATH: /home/ruaro/tools_memphis/mips-elf-gcc-4.1.1/bin
PATH: /home/ruaro/.local/bin
PATH: /home/ruaro/bin
PATH: /usr/local/sbin
PATH: /usr/local/bin
PATH: /usr/sbin
PATH: /usr/bin
PATH: /sbin
PATH: /bin
PATH: /usr/games
PATH: /usr/local/games
PATH: /snap/bin


## ----------- ##
## Core tests. ##
## ----------- ##

configure:2148: result: configuring for Verilator 4.014 2019-05-08
configure:2169: checking whether to use hardcoded paths
configure:2183: result: yes
configure:2187: checking whether to show and stop on compilation warnings
configure:2205: result: no
configure:2209: checking whether to run long tests
configure:2227: result: no
configure:2231: checking whether allow pre-C++11
configure:2246: result: no
configure:2304: checking for gcc
configure:2331: result: gcc
configure:2560: checking for C compiler version
configure:2569: gcc --version >&5
gcc (Ubuntu 7.5.0-3ubuntu1~18.04) 7.5.0
Copyright (C) 2017 Free Software Foundation, Inc.
This is free software; see the source for copying conditions.  There is NO
warranty; not even for MERCHANTABILITY or FITNESS FOR A PARTICULAR PURPOSE.

configure:2580: $? = 0
configure:2569: gcc -v >&5
Using built-in specs.
COLLECT_GCC=gcc
COLLECT_LTO_WRAPPER=/usr/lib/gcc/x86_64-linux-gnu/7/lto-wrapper
OFFLOAD_TARGET_NAMES=nvptx-none
OFFLOAD_TARGET_DEFAULT=1
Target: x86_64-linux-gnu
Configured with: ../src/configure -v --with-pkgversion='Ubuntu 7.5.0-3ubuntu1~18.04' --with-bugurl=file:///usr/share/doc/gcc-7/README.Bugs --enable-languages=c,ada,c++,go,brig,d,fortran,objc,obj-c++ --prefix=/usr --with-gcc-major-version-only --program-suffix=-7 --program-prefix=x86_64-linux-gnu- --enable-shared --enable-linker-build-id --libexecdir=/usr/lib --without-included-gettext --enable-threads=posix --libdir=/usr/lib --enable-nls --enable-bootstrap --enable-clocale=gnu --enable-libstdcxx-debug --enable-libstdcxx-time=yes --with-default-libstdcxx-abi=new --enable-gnu-unique-object --disable-vtable-verify --enable-libmpx --enable-plugin --enable-default-pie --with-system-zlib --with-target-system-zlib --enable-objc-gc=auto --enable-multiarch --disable-werror --with-arch-32=i686 --with-abi=m64 --with-multilib-list=m32,m64,mx32 --enable-multilib --with-tune=generic --enable-offload-targets=nvptx-none --without-cuda-driver --enable-checking=release --build=x86_64-linux-gnu --host=x86_64-linux-gnu --target=x86_64-linux-gnu
Thread model: posix
gcc version 7.5.0 (Ubuntu 7.5.0-3ubuntu1~18.04) 
configure:2580: $? = 0
configure:2569: gcc -V >&5
gcc: error: unrecognized command line option '-V'
gcc: fatal error: no input files
compilation terminated.
configure:2580: $? = 1
configure:2569: gcc -qversion >&5
gcc: error: unrecognized command line option '-qversion'; did you mean '--version'?
gcc: fatal error: no input files
compilation terminated.
configure:2580: $? = 1
configure:2600: checking whether the C compiler works
configure:2622: gcc -I${prefix}/include -I${prefix}/include -L${exec_prefix}/lib conftest.c  >&5
configure:2626: $? = 0
configure:2674: result: yes
configure:2677: checking for C compiler default output file name
configure:2679: result: a.out
configure:2685: checking for suffix of executables
configure:2692: gcc -o conftest -I${prefix}/include -I${prefix}/include -L${exec_prefix}/lib conftest.c  >&5
configure:2696: $? = 0
configure:2718: result: 
configure:2740: checking whether we are cross compiling
configure:2748: gcc -o conftest -I${prefix}/include -I${prefix}/include -L${exec_prefix}/lib conftest.c  >&5
configure:2752: $? = 0
configure:2759: ./conftest
configure:2763: $? = 0
configure:2778: result: no
configure:2783: checking for suffix of object files
configure:2805: gcc -c -I${prefix}/include -I${prefix}/include conftest.c >&5
configure:2809: $? = 0
configure:2830: result: o
configure:2834: checking whether we are using the GNU C compiler
configure:2853: gcc -c -I${prefix}/include -I${prefix}/include conftest.c >&5
configure:2853: $? = 0
configure:2862: result: yes
configure:2871: checking whether gcc accepts -g
configure:2891: gcc -c -g -I${prefix}/include conftest.c >&5
configure:2891: $? = 0
configure:2932: result: yes
configure:2949: checking for gcc option to accept ISO C89
configure:3012: gcc  -c -I${prefix}/include -I${prefix}/include conftest.c >&5
configure:3012: $? = 0
configure:3025: result: none needed
configure:3157: checking for C++ compiler version
configure:3166: g++ --version >&5
g++ (Ubuntu 7.5.0-3ubuntu1~18.04) 7.5.0
Copyright (C) 2017 Free Software Foundation, Inc.
This is free software; see the source for copying conditions.  There is NO
warranty; not even for MERCHANTABILITY or FITNESS FOR A PARTICULAR PURPOSE.

configure:3177: $? = 0
configure:3166: g++ -v >&5
Using built-in specs.
COLLECT_GCC=g++
COLLECT_LTO_WRAPPER=/usr/lib/gcc/x86_64-linux-gnu/7/lto-wrapper
OFFLOAD_TARGET_NAMES=nvptx-none
OFFLOAD_TARGET_DEFAULT=1
Target: x86_64-linux-gnu
Configured with: ../src/configure -v --with-pkgversion='Ubuntu 7.5.0-3ubuntu1~18.04' --with-bugurl=file:///usr/share/doc/gcc-7/README.Bugs --enable-languages=c,ada,c++,go,brig,d,fortran,objc,obj-c++ --prefix=/usr --with-gcc-major-version-only --program-suffix=-7 --program-prefix=x86_64-linux-gnu- --enable-shared --enable-linker-build-id --libexecdir=/usr/lib --without-included-gettext --enable-threads=posix --libdir=/usr/lib --enable-nls --enable-bootstrap --enable-clocale=gnu --enable-libstdcxx-debug --enable-libstdcxx-time=yes --with-default-libstdcxx-abi=new --enable-gnu-unique-object --disable-vtable-verify --enable-libmpx --enable-plugin --enable-default-pie --with-system-zlib --with-target-system-zlib --enable-objc-gc=auto --enable-multiarch --disable-werror --with-arch-32=i686 --with-abi=m64 --with-multilib-list=m32,m64,mx32 --enable-multilib --with-tune=generic --enable-offload-targets=nvptx-none --without-cuda-driver --enable-checking=release --build=x86_64-linux-gnu --host=x86_64-linux-gnu --target=x86_64-linux-gnu
Thread model: posix
gcc version 7.5.0 (Ubuntu 7.5.0-3ubuntu1~18.04) 
configure:3177: $? = 0
configure:3166: g++ -V >&5
g++: error: unrecognized command line option '-V'
g++: fatal error: no input files
compilation terminated.
configure:3177: $? = 1
configure:3166: g++ -qversion >&5
g++: error: unrecognized command line option '-qversion'; did you mean '--version'?
g++: fatal error: no input files
compilation terminated.
configure:3177: $? = 1
configure:3181: checking whether we are using the GNU C++ compiler
configure:3200: g++ -c -I${prefix}/include -I${prefix}/include conftest.cpp >&5
configure:3200: $? = 0
configure:3209: result: yes
configure:3218: checking whether g++ accepts -g
configure:3238: g++ -c -g -I${prefix}/include conftest.cpp >&5
configure:3238: $? = 0
configure:3279: result: yes
configure:3345: checking for a BSD-compatible install
configure:3413: result: /usr/bin/install -c
configure:3432: result: compiler is g++ --version = g++ (Ubuntu 7.5.0-3ubuntu1~18.04) 7.5.0
configure:3434: checking that C++ compiler can compile simple program
configure:3445: g++ -o conftest -I${prefix}/include -I${prefix}/include -L${exec_prefix}/lib conftest.cpp  >&5
configure:3445: $? = 0
configure:3445: ./conftest
configure:3445: $? = 0
configure:3446: result: yes
configure:3459: checking for perl
configure:3477: found /usr/bin/perl
configure:3489: result: /usr/bin/perl
configure:3502: checking for flex
configure:3520: found /usr/bin/flex
configure:3532: result: /usr/bin/flex
configure:3545: checking for bison
configure:3563: found /usr/bin/bison
configure:3575: result: /usr/bin/bison
configure:3595: checking how to run the C++ preprocessor
configure:3622: g++ -E -I${prefix}/include conftest.cpp
configure:3622: $? = 0
configure:3636: g++ -E -I${prefix}/include conftest.cpp
conftest.cpp:9:10: fatal error: ac_nonexistent.h: No such file or directory
 #include <ac_nonexistent.h>
          ^~~~~~~~~~~~~~~~~~
compilation terminated.
configure:3636: $? = 1
configure: failed program was:
| /* confdefs.h */
| #define PACKAGE_NAME "Verilator"
| #define PACKAGE_TARNAME "verilator"
| #define PACKAGE_VERSION "4.014 2019-05-08"
| #define PACKAGE_STRING "Verilator 4.014 2019-05-08"
| #define PACKAGE_BUGREPORT "https://www.veripool.org/verilator"
| #define PACKAGE_URL "https://www.veripool.org/verilator"
| /* end confdefs.h.  */
| #include <ac_nonexistent.h>
configure:3661: result: g++ -E
configure:3681: g++ -E -I${prefix}/include conftest.cpp
configure:3681: $? = 0
configure:3695: g++ -E -I${prefix}/include conftest.cpp
conftest.cpp:9:10: fatal error: ac_nonexistent.h: No such file or directory
 #include <ac_nonexistent.h>
          ^~~~~~~~~~~~~~~~~~
compilation terminated.
configure:3695: $? = 1
configure: failed program was:
| /* confdefs.h */
| #define PACKAGE_NAME "Verilator"
| #define PACKAGE_TARNAME "verilator"
| #define PACKAGE_VERSION "4.014 2019-05-08"
| #define PACKAGE_STRING "Verilator 4.014 2019-05-08"
| #define PACKAGE_BUGREPORT "https://www.veripool.org/verilator"
| #define PACKAGE_URL "https://www.veripool.org/verilator"
| /* end confdefs.h.  */
| #include <ac_nonexistent.h>
configure:3724: checking for grep that handles long lines and -e
configure:3782: result: /bin/grep
configure:3787: checking for egrep
configure:3849: result: /bin/grep -E
configure:3854: checking for ANSI C header files
configure:3874: g++ -c -I${prefix}/include -I${prefix}/include conftest.cpp >&5
configure:3874: $? = 0
configure:3947: g++ -o conftest -I${prefix}/include -I${prefix}/include -L${exec_prefix}/lib conftest.cpp  >&5
configure:3947: $? = 0
configure:3947: ./conftest
configure:3947: $? = 0
configure:3958: result: yes
configure:3971: checking for sys/types.h
configure:3971: g++ -c -I${prefix}/include -I${prefix}/include conftest.cpp >&5
configure:3971: $? = 0
configure:3971: result: yes
configure:3971: checking for sys/stat.h
configure:3971: g++ -c -I${prefix}/include -I${prefix}/include conftest.cpp >&5
configure:3971: $? = 0
configure:3971: result: yes
configure:3971: checking for stdlib.h
configure:3971: g++ -c -I${prefix}/include -I${prefix}/include conftest.cpp >&5
configure:3971: $? = 0
configure:3971: result: yes
configure:3971: checking for string.h
configure:3971: g++ -c -I${prefix}/include -I${prefix}/include conftest.cpp >&5
configure:3971: $? = 0
configure:3971: result: yes
configure:3971: checking for memory.h
configure:3971: g++ -c -I${prefix}/include -I${prefix}/include conftest.cpp >&5
configure:3971: $? = 0
configure:3971: result: yes
configure:3971: checking for strings.h
configure:3971: g++ -c -I${prefix}/include -I${prefix}/include conftest.cpp >&5
configure:3971: $? = 0
configure:3971: result: yes
configure:3971: checking for inttypes.h
configure:3971: g++ -c -I${prefix}/include -I${prefix}/include conftest.cpp >&5
configure:3971: $? = 0
configure:3971: result: yes
configure:3971: checking for stdint.h
configure:3971: g++ -c -I${prefix}/include -I${prefix}/include conftest.cpp >&5
configure:3971: $? = 0
configure:3971: result: yes
configure:3971: checking for unistd.h
configure:3971: g++ -c -I${prefix}/include -I${prefix}/include conftest.cpp >&5
configure:3971: $? = 0
configure:3971: result: yes
configure:3983: checking for size_t
configure:3983: g++ -c -I${prefix}/include -I${prefix}/include conftest.cpp >&5
configure:3983: $? = 0
configure:3983: g++ -c -I${prefix}/include -I${prefix}/include conftest.cpp >&5
conftest.cpp: In function 'int main()':
conftest.cpp:55:20: error: expected primary-expression before ')' token
 if (sizeof ((size_t)))
                    ^
configure:3983: $? = 1
configure: failed program was:
| /* confdefs.h */
| #define PACKAGE_NAME "Verilator"
| #define PACKAGE_TARNAME "verilator"
| #define PACKAGE_VERSION "4.014 2019-05-08"
| #define PACKAGE_STRING "Verilator 4.014 2019-05-08"
| #define PACKAGE_BUGREPORT "https://www.veripool.org/verilator"
| #define PACKAGE_URL "https://www.veripool.org/verilator"
| #define STDC_HEADERS 1
| #define HAVE_SYS_TYPES_H 1
| #define HAVE_SYS_STAT_H 1
| #define HAVE_STDLIB_H 1
| #define HAVE_STRING_H 1
| #define HAVE_MEMORY_H 1
| #define HAVE_STRINGS_H 1
| #define HAVE_INTTYPES_H 1
| #define HAVE_STDINT_H 1
| #define HAVE_UNISTD_H 1
| /* end confdefs.h.  */
| #include <stdio.h>
| #ifdef HAVE_SYS_TYPES_H
| # include <sys/types.h>
| #endif
| #ifdef HAVE_SYS_STAT_H
| # include <sys/stat.h>
| #endif
| #ifdef STDC_HEADERS
| # include <stdlib.h>
| # include <stddef.h>
| #else
| # ifdef HAVE_STDLIB_H
| #  include <stdlib.h>
| # endif
| #endif
| #ifdef HAVE_STRING_H
| # if !defined STDC_HEADERS && defined HAVE_MEMORY_H
| #  include <memory.h>
| # endif
| # include <string.h>
| #endif
| #ifdef HAVE_STRINGS_H
| # include <strings.h>
| #endif
| #ifdef HAVE_INTTYPES_H
| # include <inttypes.h>
| #endif
| #ifdef HAVE_STDINT_H
| # include <stdint.h>
| #endif
| #ifdef HAVE_UNISTD_H
| # include <unistd.h>
| #endif
| int
| main ()
| {
| if (sizeof ((size_t)))
| 	    return 0;
|   ;
|   return 0;
| }
configure:3983: result: yes
configure:3994: checking for size_t
configure:3994: result: yes
configure:4007: checking for inline
configure:4023: g++ -c -I${prefix}/include -I${prefix}/include conftest.cpp >&5
configure:4023: $? = 0
configure:4031: result: inline
configure:4061: g++ -o conftest -I${prefix}/include -I${prefix}/include -L${exec_prefix}/lib conftest.cpp  >&5
configure:4061: $? = 0
configure:4094: checking whether g++ accepts -std=gnu++14
configure:4107: g++ -o conftest -I${prefix}/include -std=gnu++14 -Werror -I${prefix}/include -L${exec_prefix}/lib conftest.cpp  >&5
configure:4107: $? = 0
configure:4134: g++ -c -I${prefix}/include -std=gnu++14 -Werror -I${prefix}/include conftest.cpp >&5
conftest.cpp:19:1: error: 'an_error' does not name a type
 an_error "intentional-error-for-test.h"
 ^~~~~~~~
configure:4134: $? = 1
configure: failed program was:
| /* confdefs.h */
| #define PACKAGE_NAME "Verilator"
| #define PACKAGE_TARNAME "verilator"
| #define PACKAGE_VERSION "4.014 2019-05-08"
| #define PACKAGE_STRING "Verilator 4.014 2019-05-08"
| #define PACKAGE_BUGREPORT "https://www.veripool.org/verilator"
| #define PACKAGE_URL "https://www.veripool.org/verilator"
| #define STDC_HEADERS 1
| #define HAVE_SYS_TYPES_H 1
| #define HAVE_SYS_STAT_H 1
| #define HAVE_STDLIB_H 1
| #define HAVE_STRING_H 1
| #define HAVE_MEMORY_H 1
| #define HAVE_STRINGS_H 1
| #define HAVE_INTTYPES_H 1
| #define HAVE_STDINT_H 1
| #define HAVE_UNISTD_H 1
| /* end confdefs.h.  */
| an_error "intentional-error-for-test.h"
| 
| int
| main ()
| {
| 
|   ;
|   return 0;
| }
configure:4145: result: yes
configure:4512: checking whether g++ accepts -std=c++03
configure:4525: g++ -o conftest -I${prefix}/include -std=c++03 -Werror -I${prefix}/include -L${exec_prefix}/lib conftest.cpp  >&5
configure:4525: $? = 0
configure:4552: g++ -c -I${prefix}/include -std=c++03 -Werror -I${prefix}/include conftest.cpp >&5
conftest.cpp:19:1: error: 'an_error' does not name a type
 an_error "intentional-error-for-test.h"
 ^~~~~~~~
configure:4552: $? = 1
configure: failed program was:
| /* confdefs.h */
| #define PACKAGE_NAME "Verilator"
| #define PACKAGE_TARNAME "verilator"
| #define PACKAGE_VERSION "4.014 2019-05-08"
| #define PACKAGE_STRING "Verilator 4.014 2019-05-08"
| #define PACKAGE_BUGREPORT "https://www.veripool.org/verilator"
| #define PACKAGE_URL "https://www.veripool.org/verilator"
| #define STDC_HEADERS 1
| #define HAVE_SYS_TYPES_H 1
| #define HAVE_SYS_STAT_H 1
| #define HAVE_STDLIB_H 1
| #define HAVE_STRING_H 1
| #define HAVE_MEMORY_H 1
| #define HAVE_STRINGS_H 1
| #define HAVE_INTTYPES_H 1
| #define HAVE_STDINT_H 1
| #define HAVE_UNISTD_H 1
| /* end confdefs.h.  */
| an_error "intentional-error-for-test.h"
| 
| int
| main ()
| {
| 
|   ;
|   return 0;
| }
configure:4563: result: yes
configure:4931: checking whether g++ accepts -Wextra
configure:4944: g++ -o conftest -I${prefix}/include -Wextra -Werror -I${prefix}/include -L${exec_prefix}/lib conftest.cpp  >&5
configure:4944: $? = 0
configure:4971: g++ -c -I${prefix}/include -Wextra -Werror -I${prefix}/include conftest.cpp >&5
conftest.cpp:19:1: error: 'an_error' does not name a type
 an_error "intentional-error-for-test.h"
 ^~~~~~~~
configure:4971: $? = 1
configure: failed program was:
| /* confdefs.h */
| #define PACKAGE_NAME "Verilator"
| #define PACKAGE_TARNAME "verilator"
| #define PACKAGE_VERSION "4.014 2019-05-08"
| #define PACKAGE_STRING "Verilator 4.014 2019-05-08"
| #define PACKAGE_BUGREPORT "https://www.veripool.org/verilator"
| #define PACKAGE_URL "https://www.veripool.org/verilator"
| #define STDC_HEADERS 1
| #define HAVE_SYS_TYPES_H 1
| #define HAVE_SYS_STAT_H 1
| #define HAVE_STDLIB_H 1
| #define HAVE_STRING_H 1
| #define HAVE_MEMORY_H 1
| #define HAVE_STRINGS_H 1
| #define HAVE_INTTYPES_H 1
| #define HAVE_STDINT_H 1
| #define HAVE_UNISTD_H 1
| /* end confdefs.h.  */
| an_error "intentional-error-for-test.h"
| 
| int
| main ()
| {
| 
|   ;
|   return 0;
| }
configure:4982: result: yes
configure:4998: checking whether g++ accepts -Wfloat-conversion
configure:5011: g++ -o conftest -I${prefix}/include -Wfloat-conversion -Werror -I${prefix}/include -L${exec_prefix}/lib conftest.cpp  >&5
configure:5011: $? = 0
configure:5038: g++ -c -I${prefix}/include -Wfloat-conversion -Werror -I${prefix}/include conftest.cpp >&5
conftest.cpp:19:1: error: 'an_error' does not name a type
 an_error "intentional-error-for-test.h"
 ^~~~~~~~
configure:5038: $? = 1
configure: failed program was:
| /* confdefs.h */
| #define PACKAGE_NAME "Verilator"
| #define PACKAGE_TARNAME "verilator"
| #define PACKAGE_VERSION "4.014 2019-05-08"
| #define PACKAGE_STRING "Verilator 4.014 2019-05-08"
| #define PACKAGE_BUGREPORT "https://www.veripool.org/verilator"
| #define PACKAGE_URL "https://www.veripool.org/verilator"
| #define STDC_HEADERS 1
| #define HAVE_SYS_TYPES_H 1
| #define HAVE_SYS_STAT_H 1
| #define HAVE_STDLIB_H 1
| #define HAVE_STRING_H 1
| #define HAVE_MEMORY_H 1
| #define HAVE_STRINGS_H 1
| #define HAVE_INTTYPES_H 1
| #define HAVE_STDINT_H 1
| #define HAVE_UNISTD_H 1
| /* end confdefs.h.  */
| an_error "intentional-error-for-test.h"
| 
| int
| main ()
| {
| 
|   ;
|   return 0;
| }
configure:5049: result: yes
configure:5065: checking whether g++ accepts -Wlogical-op
configure:5078: g++ -o conftest -I${prefix}/include -Wlogical-op -Werror -I${prefix}/include -L${exec_prefix}/lib conftest.cpp  >&5
configure:5078: $? = 0
configure:5105: g++ -c -I${prefix}/include -Wlogical-op -Werror -I${prefix}/include conftest.cpp >&5
conftest.cpp:19:1: error: 'an_error' does not name a type
 an_error "intentional-error-for-test.h"
 ^~~~~~~~
configure:5105: $? = 1
configure: failed program was:
| /* confdefs.h */
| #define PACKAGE_NAME "Verilator"
| #define PACKAGE_TARNAME "verilator"
| #define PACKAGE_VERSION "4.014 2019-05-08"
| #define PACKAGE_STRING "Verilator 4.014 2019-05-08"
| #define PACKAGE_BUGREPORT "https://www.veripool.org/verilator"
| #define PACKAGE_URL "https://www.veripool.org/verilator"
| #define STDC_HEADERS 1
| #define HAVE_SYS_TYPES_H 1
| #define HAVE_SYS_STAT_H 1
| #define HAVE_STDLIB_H 1
| #define HAVE_STRING_H 1
| #define HAVE_MEMORY_H 1
| #define HAVE_STRINGS_H 1
| #define HAVE_INTTYPES_H 1
| #define HAVE_STDINT_H 1
| #define HAVE_UNISTD_H 1
| /* end confdefs.h.  */
| an_error "intentional-error-for-test.h"
| 
| int
| main ()
| {
| 
|   ;
|   return 0;
| }
configure:5116: result: yes
configure:5132: checking whether g++ accepts -Wthread-safety
configure:5145: g++ -o conftest -I${prefix}/include -Wthread-safety -Werror -I${prefix}/include -L${exec_prefix}/lib conftest.cpp  >&5
g++: error: unrecognized command line option '-Wthread-safety'; did you mean '-fthread-jumps'?
configure:5145: $? = 1
configure: failed program was:
| /* confdefs.h */
| #define PACKAGE_NAME "Verilator"
| #define PACKAGE_TARNAME "verilator"
| #define PACKAGE_VERSION "4.014 2019-05-08"
| #define PACKAGE_STRING "Verilator 4.014 2019-05-08"
| #define PACKAGE_BUGREPORT "https://www.veripool.org/verilator"
| #define PACKAGE_URL "https://www.veripool.org/verilator"
| #define STDC_HEADERS 1
| #define HAVE_SYS_TYPES_H 1
| #define HAVE_SYS_STAT_H 1
| #define HAVE_STDLIB_H 1
| #define HAVE_STRING_H 1
| #define HAVE_MEMORY_H 1
| #define HAVE_STRINGS_H 1
| #define HAVE_INTTYPES_H 1
| #define HAVE_STDINT_H 1
| #define HAVE_UNISTD_H 1
| /* end confdefs.h.  */
| #include <new>
| int
| main ()
| {
| int* a=new int; delete a;
|   ;
|   return 0;
| }
configure:5172: g++ -c -I${prefix}/include -Wthread-safety -Werror -I${prefix}/include conftest.cpp >&5
g++: error: unrecognized command line option '-Wthread-safety'; did you mean '-fthread-jumps'?
configure:5172: $? = 1
configure: failed program was:
| /* confdefs.h */
| #define PACKAGE_NAME "Verilator"
| #define PACKAGE_TARNAME "verilator"
| #define PACKAGE_VERSION "4.014 2019-05-08"
| #define PACKAGE_STRING "Verilator 4.014 2019-05-08"
| #define PACKAGE_BUGREPORT "https://www.veripool.org/verilator"
| #define PACKAGE_URL "https://www.veripool.org/verilator"
| #define STDC_HEADERS 1
| #define HAVE_SYS_TYPES_H 1
| #define HAVE_SYS_STAT_H 1
| #define HAVE_STDLIB_H 1
| #define HAVE_STRING_H 1
| #define HAVE_MEMORY_H 1
| #define HAVE_STRINGS_H 1
| #define HAVE_INTTYPES_H 1
| #define HAVE_STDINT_H 1
| #define HAVE_UNISTD_H 1
| /* end confdefs.h.  */
| an_error "intentional-error-for-test.h"
| 
| int
| main ()
| {
| 
|   ;
|   return 0;
| }
configure:5183: result: no
configure:5202: checking whether g++ accepts -Qunused-arguments
configure:5215: g++ -o conftest -I${prefix}/include -Qunused-arguments -Werror -I${prefix}/include -L${exec_prefix}/lib conftest.cpp  >&5
g++: error: unrecognized command line option '-Qunused-arguments'; did you mean '-Wunused-parameter'?
configure:5215: $? = 1
configure: failed program was:
| /* confdefs.h */
| #define PACKAGE_NAME "Verilator"
| #define PACKAGE_TARNAME "verilator"
| #define PACKAGE_VERSION "4.014 2019-05-08"
| #define PACKAGE_STRING "Verilator 4.014 2019-05-08"
| #define PACKAGE_BUGREPORT "https://www.veripool.org/verilator"
| #define PACKAGE_URL "https://www.veripool.org/verilator"
| #define STDC_HEADERS 1
| #define HAVE_SYS_TYPES_H 1
| #define HAVE_SYS_STAT_H 1
| #define HAVE_STDLIB_H 1
| #define HAVE_STRING_H 1
| #define HAVE_MEMORY_H 1
| #define HAVE_STRINGS_H 1
| #define HAVE_INTTYPES_H 1
| #define HAVE_STDINT_H 1
| #define HAVE_UNISTD_H 1
| /* end confdefs.h.  */
| #include <new>
| int
| main ()
| {
| int* a=new int; delete a;
|   ;
|   return 0;
| }
configure:5242: g++ -c -I${prefix}/include -Qunused-arguments -Werror -I${prefix}/include conftest.cpp >&5
g++: error: unrecognized command line option '-Qunused-arguments'; did you mean '-Wunused-parameter'?
configure:5242: $? = 1
configure: failed program was:
| /* confdefs.h */
| #define PACKAGE_NAME "Verilator"
| #define PACKAGE_TARNAME "verilator"
| #define PACKAGE_VERSION "4.014 2019-05-08"
| #define PACKAGE_STRING "Verilator 4.014 2019-05-08"
| #define PACKAGE_BUGREPORT "https://www.veripool.org/verilator"
| #define PACKAGE_URL "https://www.veripool.org/verilator"
| #define STDC_HEADERS 1
| #define HAVE_SYS_TYPES_H 1
| #define HAVE_SYS_STAT_H 1
| #define HAVE_STDLIB_H 1
| #define HAVE_STRING_H 1
| #define HAVE_MEMORY_H 1
| #define HAVE_STRINGS_H 1
| #define HAVE_INTTYPES_H 1
| #define HAVE_STDINT_H 1
| #define HAVE_UNISTD_H 1
| /* end confdefs.h.  */
| an_error "intentional-error-for-test.h"
| 
| int
| main ()
| {
| 
|   ;
|   return 0;
| }
configure:5253: result: no
configure:5269: checking whether g++ accepts -faligned-new
configure:5282: g++ -o conftest -I${prefix}/include -faligned-new -Werror -I${prefix}/include -L${exec_prefix}/lib conftest.cpp  >&5
configure:5282: $? = 0
configure:5309: g++ -c -I${prefix}/include -faligned-new -Werror -I${prefix}/include conftest.cpp >&5
conftest.cpp:19:1: error: 'an_error' does not name a type
 an_error "intentional-error-for-test.h"
 ^~~~~~~~
configure:5309: $? = 1
configure: failed program was:
| /* confdefs.h */
| #define PACKAGE_NAME "Verilator"
| #define PACKAGE_TARNAME "verilator"
| #define PACKAGE_VERSION "4.014 2019-05-08"
| #define PACKAGE_STRING "Verilator 4.014 2019-05-08"
| #define PACKAGE_BUGREPORT "https://www.veripool.org/verilator"
| #define PACKAGE_URL "https://www.veripool.org/verilator"
| #define STDC_HEADERS 1
| #define HAVE_SYS_TYPES_H 1
| #define HAVE_SYS_STAT_H 1
| #define HAVE_STDLIB_H 1
| #define HAVE_STRING_H 1
| #define HAVE_MEMORY_H 1
| #define HAVE_STRINGS_H 1
| #define HAVE_INTTYPES_H 1
| #define HAVE_STDINT_H 1
| #define HAVE_UNISTD_H 1
| /* end confdefs.h.  */
| an_error "intentional-error-for-test.h"
| 
| int
| main ()
| {
| 
|   ;
|   return 0;
| }
configure:5320: result: yes
configure:5336: checking whether g++ accepts -Wno-unused-parameter
configure:5349: g++ -o conftest -I${prefix}/include -Wno-unused-parameter -Werror -I${prefix}/include -L${exec_prefix}/lib conftest.cpp  >&5
configure:5349: $? = 0
configure:5376: g++ -c -I${prefix}/include -Wno-unused-parameter -Werror -I${prefix}/include conftest.cpp >&5
conftest.cpp:19:1: error: 'an_error' does not name a type
 an_error "intentional-error-for-test.h"
 ^~~~~~~~
configure:5376: $? = 1
configure: failed program was:
| /* confdefs.h */
| #define PACKAGE_NAME "Verilator"
| #define PACKAGE_TARNAME "verilator"
| #define PACKAGE_VERSION "4.014 2019-05-08"
| #define PACKAGE_STRING "Verilator 4.014 2019-05-08"
| #define PACKAGE_BUGREPORT "https://www.veripool.org/verilator"
| #define PACKAGE_URL "https://www.veripool.org/verilator"
| #define STDC_HEADERS 1
| #define HAVE_SYS_TYPES_H 1
| #define HAVE_SYS_STAT_H 1
| #define HAVE_STDLIB_H 1
| #define HAVE_STRING_H 1
| #define HAVE_MEMORY_H 1
| #define HAVE_STRINGS_H 1
| #define HAVE_INTTYPES_H 1
| #define HAVE_STDINT_H 1
| #define HAVE_UNISTD_H 1
| /* end confdefs.h.  */
| an_error "intentional-error-for-test.h"
| 
| int
| main ()
| {
| 
|   ;
|   return 0;
| }
configure:5387: result: yes
configure:5403: checking whether g++ accepts -Wno-undefined-bool-conversion
configure:5416: g++ -o conftest -I${prefix}/include -Wno-undefined-bool-conversion -Werror -I${prefix}/include -L${exec_prefix}/lib conftest.cpp  >&5
configure:5416: $? = 0
configure:5443: g++ -c -I${prefix}/include -Wno-undefined-bool-conversion -Werror -I${prefix}/include conftest.cpp >&5
conftest.cpp:19:1: error: 'an_error' does not name a type
 an_error "intentional-error-for-test.h"
 ^~~~~~~~
cc1plus: error: unrecognized command line option '-Wno-undefined-bool-conversion' [-Werror]
cc1plus: all warnings being treated as errors
configure:5443: $? = 1
configure: failed program was:
| /* confdefs.h */
| #define PACKAGE_NAME "Verilator"
| #define PACKAGE_TARNAME "verilator"
| #define PACKAGE_VERSION "4.014 2019-05-08"
| #define PACKAGE_STRING "Verilator 4.014 2019-05-08"
| #define PACKAGE_BUGREPORT "https://www.veripool.org/verilator"
| #define PACKAGE_URL "https://www.veripool.org/verilator"
| #define STDC_HEADERS 1
| #define HAVE_SYS_TYPES_H 1
| #define HAVE_SYS_STAT_H 1
| #define HAVE_STDLIB_H 1
| #define HAVE_STRING_H 1
| #define HAVE_MEMORY_H 1
| #define HAVE_STRINGS_H 1
| #define HAVE_INTTYPES_H 1
| #define HAVE_STDINT_H 1
| #define HAVE_UNISTD_H 1
| /* end confdefs.h.  */
| an_error "intentional-error-for-test.h"
| 
| int
| main ()
| {
| 
|   ;
|   return 0;
| }
configure:5454: result: no
configure:5470: checking whether g++ accepts -Wno-shadow
configure:5483: g++ -o conftest -I${prefix}/include -Wno-shadow -Werror -I${prefix}/include -L${exec_prefix}/lib conftest.cpp  >&5
configure:5483: $? = 0
configure:5510: g++ -c -I${prefix}/include -Wno-shadow -Werror -I${prefix}/include conftest.cpp >&5
conftest.cpp:19:1: error: 'an_error' does not name a type
 an_error "intentional-error-for-test.h"
 ^~~~~~~~
configure:5510: $? = 1
configure: failed program was:
| /* confdefs.h */
| #define PACKAGE_NAME "Verilator"
| #define PACKAGE_TARNAME "verilator"
| #define PACKAGE_VERSION "4.014 2019-05-08"
| #define PACKAGE_STRING "Verilator 4.014 2019-05-08"
| #define PACKAGE_BUGREPORT "https://www.veripool.org/verilator"
| #define PACKAGE_URL "https://www.veripool.org/verilator"
| #define STDC_HEADERS 1
| #define HAVE_SYS_TYPES_H 1
| #define HAVE_SYS_STAT_H 1
| #define HAVE_STDLIB_H 1
| #define HAVE_STRING_H 1
| #define HAVE_MEMORY_H 1
| #define HAVE_STRINGS_H 1
| #define HAVE_INTTYPES_H 1
| #define HAVE_STDINT_H 1
| #define HAVE_UNISTD_H 1
| /* end confdefs.h.  */
| an_error "intentional-error-for-test.h"
| 
| int
| main ()
| {
| 
|   ;
|   return 0;
| }
configure:5521: result: yes
configure:5540: checking whether g++ accepts -Wno-char-subscripts
configure:5553: g++ -o conftest -I${prefix}/include -Wno-char-subscripts -Werror -I${prefix}/include -L${exec_prefix}/lib conftest.cpp  >&5
configure:5553: $? = 0
configure:5580: g++ -c -I${prefix}/include -Wno-char-subscripts -Werror -I${prefix}/include conftest.cpp >&5
conftest.cpp:19:1: error: 'an_error' does not name a type
 an_error "intentional-error-for-test.h"
 ^~~~~~~~
configure:5580: $? = 1
configure: failed program was:
| /* confdefs.h */
| #define PACKAGE_NAME "Verilator"
| #define PACKAGE_TARNAME "verilator"
| #define PACKAGE_VERSION "4.014 2019-05-08"
| #define PACKAGE_STRING "Verilator 4.014 2019-05-08"
| #define PACKAGE_BUGREPORT "https://www.veripool.org/verilator"
| #define PACKAGE_URL "https://www.veripool.org/verilator"
| #define STDC_HEADERS 1
| #define HAVE_SYS_TYPES_H 1
| #define HAVE_SYS_STAT_H 1
| #define HAVE_STDLIB_H 1
| #define HAVE_STRING_H 1
| #define HAVE_MEMORY_H 1
| #define HAVE_STRINGS_H 1
| #define HAVE_INTTYPES_H 1
| #define HAVE_STDINT_H 1
| #define HAVE_UNISTD_H 1
| /* end confdefs.h.  */
| an_error "intentional-error-for-test.h"
| 
| int
| main ()
| {
| 
|   ;
|   return 0;
| }
configure:5591: result: yes
configure:5607: checking whether g++ accepts -Wno-null-conversion
configure:5620: g++ -o conftest -I${prefix}/include -Wno-null-conversion -Werror -I${prefix}/include -L${exec_prefix}/lib conftest.cpp  >&5
configure:5620: $? = 0
configure:5647: g++ -c -I${prefix}/include -Wno-null-conversion -Werror -I${prefix}/include conftest.cpp >&5
conftest.cpp:19:1: error: 'an_error' does not name a type
 an_error "intentional-error-for-test.h"
 ^~~~~~~~
cc1plus: error: unrecognized command line option '-Wno-null-conversion' [-Werror]
cc1plus: all warnings being treated as errors
configure:5647: $? = 1
configure: failed program was:
| /* confdefs.h */
| #define PACKAGE_NAME "Verilator"
| #define PACKAGE_TARNAME "verilator"
| #define PACKAGE_VERSION "4.014 2019-05-08"
| #define PACKAGE_STRING "Verilator 4.014 2019-05-08"
| #define PACKAGE_BUGREPORT "https://www.veripool.org/verilator"
| #define PACKAGE_URL "https://www.veripool.org/verilator"
| #define STDC_HEADERS 1
| #define HAVE_SYS_TYPES_H 1
| #define HAVE_SYS_STAT_H 1
| #define HAVE_STDLIB_H 1
| #define HAVE_STRING_H 1
| #define HAVE_MEMORY_H 1
| #define HAVE_STRINGS_H 1
| #define HAVE_INTTYPES_H 1
| #define HAVE_STDINT_H 1
| #define HAVE_UNISTD_H 1
| /* end confdefs.h.  */
| an_error "intentional-error-for-test.h"
| 
| int
| main ()
| {
| 
|   ;
|   return 0;
| }
configure:5658: result: no
configure:5674: checking whether g++ accepts -Wno-parentheses-equality
configure:5687: g++ -o conftest -I${prefix}/include -Wno-parentheses-equality -Werror -I${prefix}/include -L${exec_prefix}/lib conftest.cpp  >&5
configure:5687: $? = 0
configure:5714: g++ -c -I${prefix}/include -Wno-parentheses-equality -Werror -I${prefix}/include conftest.cpp >&5
conftest.cpp:19:1: error: 'an_error' does not name a type
 an_error "intentional-error-for-test.h"
 ^~~~~~~~
cc1plus: error: unrecognized command line option '-Wno-parentheses-equality' [-Werror]
cc1plus: all warnings being treated as errors
configure:5714: $? = 1
configure: failed program was:
| /* confdefs.h */
| #define PACKAGE_NAME "Verilator"
| #define PACKAGE_TARNAME "verilator"
| #define PACKAGE_VERSION "4.014 2019-05-08"
| #define PACKAGE_STRING "Verilator 4.014 2019-05-08"
| #define PACKAGE_BUGREPORT "https://www.veripool.org/verilator"
| #define PACKAGE_URL "https://www.veripool.org/verilator"
| #define STDC_HEADERS 1
| #define HAVE_SYS_TYPES_H 1
| #define HAVE_SYS_STAT_H 1
| #define HAVE_STDLIB_H 1
| #define HAVE_STRING_H 1
| #define HAVE_MEMORY_H 1
| #define HAVE_STRINGS_H 1
| #define HAVE_INTTYPES_H 1
| #define HAVE_STDINT_H 1
| #define HAVE_UNISTD_H 1
| /* end confdefs.h.  */
| an_error "intentional-error-for-test.h"
| 
| int
| main ()
| {
| 
|   ;
|   return 0;
| }
configure:5725: result: no
configure:5741: checking whether g++ accepts -Wno-unused
configure:5754: g++ -o conftest -I${prefix}/include -Wno-unused -Werror -I${prefix}/include -L${exec_prefix}/lib conftest.cpp  >&5
configure:5754: $? = 0
configure:5781: g++ -c -I${prefix}/include -Wno-unused -Werror -I${prefix}/include conftest.cpp >&5
conftest.cpp:19:1: error: 'an_error' does not name a type
 an_error "intentional-error-for-test.h"
 ^~~~~~~~
configure:5781: $? = 1
configure: failed program was:
| /* confdefs.h */
| #define PACKAGE_NAME "Verilator"
| #define PACKAGE_TARNAME "verilator"
| #define PACKAGE_VERSION "4.014 2019-05-08"
| #define PACKAGE_STRING "Verilator 4.014 2019-05-08"
| #define PACKAGE_BUGREPORT "https://www.veripool.org/verilator"
| #define PACKAGE_URL "https://www.veripool.org/verilator"
| #define STDC_HEADERS 1
| #define HAVE_SYS_TYPES_H 1
| #define HAVE_SYS_STAT_H 1
| #define HAVE_STDLIB_H 1
| #define HAVE_STRING_H 1
| #define HAVE_MEMORY_H 1
| #define HAVE_STRINGS_H 1
| #define HAVE_INTTYPES_H 1
| #define HAVE_STDINT_H 1
| #define HAVE_UNISTD_H 1
| /* end confdefs.h.  */
| an_error "intentional-error-for-test.h"
| 
| int
| main ()
| {
| 
|   ;
|   return 0;
| }
configure:5792: result: yes
configure:5816: checking whether g++ accepts -faligned-new
configure:5829: g++ -o conftest -I${prefix}/include -faligned-new -Werror -I${prefix}/include -L${exec_prefix}/lib conftest.cpp  >&5
configure:5829: $? = 0
configure:5856: g++ -c -I${prefix}/include -faligned-new -Werror -I${prefix}/include conftest.cpp >&5
conftest.cpp:19:1: error: 'an_error' does not name a type
 an_error "intentional-error-for-test.h"
 ^~~~~~~~
configure:5856: $? = 1
configure: failed program was:
| /* confdefs.h */
| #define PACKAGE_NAME "Verilator"
| #define PACKAGE_TARNAME "verilator"
| #define PACKAGE_VERSION "4.014 2019-05-08"
| #define PACKAGE_STRING "Verilator 4.014 2019-05-08"
| #define PACKAGE_BUGREPORT "https://www.veripool.org/verilator"
| #define PACKAGE_URL "https://www.veripool.org/verilator"
| #define STDC_HEADERS 1
| #define HAVE_SYS_TYPES_H 1
| #define HAVE_SYS_STAT_H 1
| #define HAVE_STDLIB_H 1
| #define HAVE_STRING_H 1
| #define HAVE_MEMORY_H 1
| #define HAVE_STRINGS_H 1
| #define HAVE_INTTYPES_H 1
| #define HAVE_STDINT_H 1
| #define HAVE_UNISTD_H 1
| /* end confdefs.h.  */
| an_error "intentional-error-for-test.h"
| 
| int
| main ()
| {
| 
|   ;
|   return 0;
| }
configure:5867: result: yes
configure:5883: checking whether g++ accepts -fbracket-depth=4096
configure:5896: g++ -o conftest -I${prefix}/include -fbracket-depth=4096 -Werror -I${prefix}/include -L${exec_prefix}/lib conftest.cpp  >&5
g++: error: unrecognized command line option '-fbracket-depth=4096'
configure:5896: $? = 1
configure: failed program was:
| /* confdefs.h */
| #define PACKAGE_NAME "Verilator"
| #define PACKAGE_TARNAME "verilator"
| #define PACKAGE_VERSION "4.014 2019-05-08"
| #define PACKAGE_STRING "Verilator 4.014 2019-05-08"
| #define PACKAGE_BUGREPORT "https://www.veripool.org/verilator"
| #define PACKAGE_URL "https://www.veripool.org/verilator"
| #define STDC_HEADERS 1
| #define HAVE_SYS_TYPES_H 1
| #define HAVE_SYS_STAT_H 1
| #define HAVE_STDLIB_H 1
| #define HAVE_STRING_H 1
| #define HAVE_MEMORY_H 1
| #define HAVE_STRINGS_H 1
| #define HAVE_INTTYPES_H 1
| #define HAVE_STDINT_H 1
| #define HAVE_UNISTD_H 1
| /* end confdefs.h.  */
| #include <new>
| int
| main ()
| {
| int* a=new int; delete a;
|   ;
|   return 0;
| }
configure:5923: g++ -c -I${prefix}/include -fbracket-depth=4096 -Werror -I${prefix}/include conftest.cpp >&5
g++: error: unrecognized command line option '-fbracket-depth=4096'
configure:5923: $? = 1
configure: failed program was:
| /* confdefs.h */
| #define PACKAGE_NAME "Verilator"
| #define PACKAGE_TARNAME "verilator"
| #define PACKAGE_VERSION "4.014 2019-05-08"
| #define PACKAGE_STRING "Verilator 4.014 2019-05-08"
| #define PACKAGE_BUGREPORT "https://www.veripool.org/verilator"
| #define PACKAGE_URL "https://www.veripool.org/verilator"
| #define STDC_HEADERS 1
| #define HAVE_SYS_TYPES_H 1
| #define HAVE_SYS_STAT_H 1
| #define HAVE_STDLIB_H 1
| #define HAVE_STRING_H 1
| #define HAVE_MEMORY_H 1
| #define HAVE_STRINGS_H 1
| #define HAVE_INTTYPES_H 1
| #define HAVE_STDINT_H 1
| #define HAVE_UNISTD_H 1
| /* end confdefs.h.  */
| an_error "intentional-error-for-test.h"
| 
| int
| main ()
| {
| 
|   ;
|   return 0;
| }
configure:5934: result: no
configure:5950: checking whether g++ accepts -Qunused-arguments
configure:5963: g++ -o conftest -I${prefix}/include -Qunused-arguments -Werror -I${prefix}/include -L${exec_prefix}/lib conftest.cpp  >&5
g++: error: unrecognized command line option '-Qunused-arguments'; did you mean '-Wunused-parameter'?
configure:5963: $? = 1
configure: failed program was:
| /* confdefs.h */
| #define PACKAGE_NAME "Verilator"
| #define PACKAGE_TARNAME "verilator"
| #define PACKAGE_VERSION "4.014 2019-05-08"
| #define PACKAGE_STRING "Verilator 4.014 2019-05-08"
| #define PACKAGE_BUGREPORT "https://www.veripool.org/verilator"
| #define PACKAGE_URL "https://www.veripool.org/verilator"
| #define STDC_HEADERS 1
| #define HAVE_SYS_TYPES_H 1
| #define HAVE_SYS_STAT_H 1
| #define HAVE_STDLIB_H 1
| #define HAVE_STRING_H 1
| #define HAVE_MEMORY_H 1
| #define HAVE_STRINGS_H 1
| #define HAVE_INTTYPES_H 1
| #define HAVE_STDINT_H 1
| #define HAVE_UNISTD_H 1
| /* end confdefs.h.  */
| #include <new>
| int
| main ()
| {
| int* a=new int; delete a;
|   ;
|   return 0;
| }
configure:5990: g++ -c -I${prefix}/include -Qunused-arguments -Werror -I${prefix}/include conftest.cpp >&5
g++: error: unrecognized command line option '-Qunused-arguments'; did you mean '-Wunused-parameter'?
configure:5990: $? = 1
configure: failed program was:
| /* confdefs.h */
| #define PACKAGE_NAME "Verilator"
| #define PACKAGE_TARNAME "verilator"
| #define PACKAGE_VERSION "4.014 2019-05-08"
| #define PACKAGE_STRING "Verilator 4.014 2019-05-08"
| #define PACKAGE_BUGREPORT "https://www.veripool.org/verilator"
| #define PACKAGE_URL "https://www.veripool.org/verilator"
| #define STDC_HEADERS 1
| #define HAVE_SYS_TYPES_H 1
| #define HAVE_SYS_STAT_H 1
| #define HAVE_STDLIB_H 1
| #define HAVE_STRING_H 1
| #define HAVE_MEMORY_H 1
| #define HAVE_STRINGS_H 1
| #define HAVE_INTTYPES_H 1
| #define HAVE_STDINT_H 1
| #define HAVE_UNISTD_H 1
| /* end confdefs.h.  */
| an_error "intentional-error-for-test.h"
| 
| int
| main ()
| {
| 
|   ;
|   return 0;
| }
configure:6001: result: no
configure:6017: checking whether g++ accepts -Wno-bool-operation
configure:6030: g++ -o conftest -I${prefix}/include -Wno-bool-operation -Werror -I${prefix}/include -L${exec_prefix}/lib conftest.cpp  >&5
configure:6030: $? = 0
configure:6057: g++ -c -I${prefix}/include -Wno-bool-operation -Werror -I${prefix}/include conftest.cpp >&5
conftest.cpp:19:1: error: 'an_error' does not name a type
 an_error "intentional-error-for-test.h"
 ^~~~~~~~
configure:6057: $? = 1
configure: failed program was:
| /* confdefs.h */
| #define PACKAGE_NAME "Verilator"
| #define PACKAGE_TARNAME "verilator"
| #define PACKAGE_VERSION "4.014 2019-05-08"
| #define PACKAGE_STRING "Verilator 4.014 2019-05-08"
| #define PACKAGE_BUGREPORT "https://www.veripool.org/verilator"
| #define PACKAGE_URL "https://www.veripool.org/verilator"
| #define STDC_HEADERS 1
| #define HAVE_SYS_TYPES_H 1
| #define HAVE_SYS_STAT_H 1
| #define HAVE_STDLIB_H 1
| #define HAVE_STRING_H 1
| #define HAVE_MEMORY_H 1
| #define HAVE_STRINGS_H 1
| #define HAVE_INTTYPES_H 1
| #define HAVE_STDINT_H 1
| #define HAVE_UNISTD_H 1
| /* end confdefs.h.  */
| an_error "intentional-error-for-test.h"
| 
| int
| main ()
| {
| 
|   ;
|   return 0;
| }
configure:6068: result: yes
configure:6084: checking whether g++ accepts -Wno-parentheses-equality
configure:6097: g++ -o conftest -I${prefix}/include -Wno-parentheses-equality -Werror -I${prefix}/include -L${exec_prefix}/lib conftest.cpp  >&5
configure:6097: $? = 0
configure:6124: g++ -c -I${prefix}/include -Wno-parentheses-equality -Werror -I${prefix}/include conftest.cpp >&5
conftest.cpp:19:1: error: 'an_error' does not name a type
 an_error "intentional-error-for-test.h"
 ^~~~~~~~
cc1plus: error: unrecognized command line option '-Wno-parentheses-equality' [-Werror]
cc1plus: all warnings being treated as errors
configure:6124: $? = 1
configure: failed program was:
| /* confdefs.h */
| #define PACKAGE_NAME "Verilator"
| #define PACKAGE_TARNAME "verilator"
| #define PACKAGE_VERSION "4.014 2019-05-08"
| #define PACKAGE_STRING "Verilator 4.014 2019-05-08"
| #define PACKAGE_BUGREPORT "https://www.veripool.org/verilator"
| #define PACKAGE_URL "https://www.veripool.org/verilator"
| #define STDC_HEADERS 1
| #define HAVE_SYS_TYPES_H 1
| #define HAVE_SYS_STAT_H 1
| #define HAVE_STDLIB_H 1
| #define HAVE_STRING_H 1
| #define HAVE_MEMORY_H 1
| #define HAVE_STRINGS_H 1
| #define HAVE_INTTYPES_H 1
| #define HAVE_STDINT_H 1
| #define HAVE_UNISTD_H 1
| /* end confdefs.h.  */
| an_error "intentional-error-for-test.h"
| 
| int
| main ()
| {
| 
|   ;
|   return 0;
| }
configure:6135: result: no
configure:6151: checking whether g++ accepts -Wno-sign-compare
configure:6164: g++ -o conftest -I${prefix}/include -Wno-sign-compare -Werror -I${prefix}/include -L${exec_prefix}/lib conftest.cpp  >&5
configure:6164: $? = 0
configure:6191: g++ -c -I${prefix}/include -Wno-sign-compare -Werror -I${prefix}/include conftest.cpp >&5
conftest.cpp:19:1: error: 'an_error' does not name a type
 an_error "intentional-error-for-test.h"
 ^~~~~~~~
configure:6191: $? = 1
configure: failed program was:
| /* confdefs.h */
| #define PACKAGE_NAME "Verilator"
| #define PACKAGE_TARNAME "verilator"
| #define PACKAGE_VERSION "4.014 2019-05-08"
| #define PACKAGE_STRING "Verilator 4.014 2019-05-08"
| #define PACKAGE_BUGREPORT "https://www.veripool.org/verilator"
| #define PACKAGE_URL "https://www.veripool.org/verilator"
| #define STDC_HEADERS 1
| #define HAVE_SYS_TYPES_H 1
| #define HAVE_SYS_STAT_H 1
| #define HAVE_STDLIB_H 1
| #define HAVE_STRING_H 1
| #define HAVE_MEMORY_H 1
| #define HAVE_STRINGS_H 1
| #define HAVE_INTTYPES_H 1
| #define HAVE_STDINT_H 1
| #define HAVE_UNISTD_H 1
| /* end confdefs.h.  */
| an_error "intentional-error-for-test.h"
| 
| int
| main ()
| {
| 
|   ;
|   return 0;
| }
configure:6202: result: yes
configure:6218: checking whether g++ accepts -Wno-uninitialized
configure:6231: g++ -o conftest -I${prefix}/include -Wno-uninitialized -Werror -I${prefix}/include -L${exec_prefix}/lib conftest.cpp  >&5
configure:6231: $? = 0
configure:6258: g++ -c -I${prefix}/include -Wno-uninitialized -Werror -I${prefix}/include conftest.cpp >&5
conftest.cpp:19:1: error: 'an_error' does not name a type
 an_error "intentional-error-for-test.h"
 ^~~~~~~~
configure:6258: $? = 1
configure: failed program was:
| /* confdefs.h */
| #define PACKAGE_NAME "Verilator"
| #define PACKAGE_TARNAME "verilator"
| #define PACKAGE_VERSION "4.014 2019-05-08"
| #define PACKAGE_STRING "Verilator 4.014 2019-05-08"
| #define PACKAGE_BUGREPORT "https://www.veripool.org/verilator"
| #define PACKAGE_URL "https://www.veripool.org/verilator"
| #define STDC_HEADERS 1
| #define HAVE_SYS_TYPES_H 1
| #define HAVE_SYS_STAT_H 1
| #define HAVE_STDLIB_H 1
| #define HAVE_STRING_H 1
| #define HAVE_MEMORY_H 1
| #define HAVE_STRINGS_H 1
| #define HAVE_INTTYPES_H 1
| #define HAVE_STDINT_H 1
| #define HAVE_UNISTD_H 1
| /* end confdefs.h.  */
| an_error "intentional-error-for-test.h"
| 
| int
| main ()
| {
| 
|   ;
|   return 0;
| }
configure:6269: result: yes
configure:6285: checking whether g++ accepts -Wno-unused-but-set-variable
configure:6298: g++ -o conftest -I${prefix}/include -Wno-unused-but-set-variable -Werror -I${prefix}/include -L${exec_prefix}/lib conftest.cpp  >&5
configure:6298: $? = 0
configure:6325: g++ -c -I${prefix}/include -Wno-unused-but-set-variable -Werror -I${prefix}/include conftest.cpp >&5
conftest.cpp:19:1: error: 'an_error' does not name a type
 an_error "intentional-error-for-test.h"
 ^~~~~~~~
configure:6325: $? = 1
configure: failed program was:
| /* confdefs.h */
| #define PACKAGE_NAME "Verilator"
| #define PACKAGE_TARNAME "verilator"
| #define PACKAGE_VERSION "4.014 2019-05-08"
| #define PACKAGE_STRING "Verilator 4.014 2019-05-08"
| #define PACKAGE_BUGREPORT "https://www.veripool.org/verilator"
| #define PACKAGE_URL "https://www.veripool.org/verilator"
| #define STDC_HEADERS 1
| #define HAVE_SYS_TYPES_H 1
| #define HAVE_SYS_STAT_H 1
| #define HAVE_STDLIB_H 1
| #define HAVE_STRING_H 1
| #define HAVE_MEMORY_H 1
| #define HAVE_STRINGS_H 1
| #define HAVE_INTTYPES_H 1
| #define HAVE_STDINT_H 1
| #define HAVE_UNISTD_H 1
| /* end confdefs.h.  */
| an_error "intentional-error-for-test.h"
| 
| int
| main ()
| {
| 
|   ;
|   return 0;
| }
configure:6336: result: yes
configure:6352: checking whether g++ accepts -Wno-unused-parameter
configure:6365: g++ -o conftest -I${prefix}/include -Wno-unused-parameter -Werror -I${prefix}/include -L${exec_prefix}/lib conftest.cpp  >&5
configure:6365: $? = 0
configure:6392: g++ -c -I${prefix}/include -Wno-unused-parameter -Werror -I${prefix}/include conftest.cpp >&5
conftest.cpp:19:1: error: 'an_error' does not name a type
 an_error "intentional-error-for-test.h"
 ^~~~~~~~
configure:6392: $? = 1
configure: failed program was:
| /* confdefs.h */
| #define PACKAGE_NAME "Verilator"
| #define PACKAGE_TARNAME "verilator"
| #define PACKAGE_VERSION "4.014 2019-05-08"
| #define PACKAGE_STRING "Verilator 4.014 2019-05-08"
| #define PACKAGE_BUGREPORT "https://www.veripool.org/verilator"
| #define PACKAGE_URL "https://www.veripool.org/verilator"
| #define STDC_HEADERS 1
| #define HAVE_SYS_TYPES_H 1
| #define HAVE_SYS_STAT_H 1
| #define HAVE_STDLIB_H 1
| #define HAVE_STRING_H 1
| #define HAVE_MEMORY_H 1
| #define HAVE_STRINGS_H 1
| #define HAVE_INTTYPES_H 1
| #define HAVE_STDINT_H 1
| #define HAVE_UNISTD_H 1
| /* end confdefs.h.  */
| an_error "intentional-error-for-test.h"
| 
| int
| main ()
| {
| 
|   ;
|   return 0;
| }
configure:6403: result: yes
configure:6419: checking whether g++ accepts -Wno-unused-variable
configure:6432: g++ -o conftest -I${prefix}/include -Wno-unused-variable -Werror -I${prefix}/include -L${exec_prefix}/lib conftest.cpp  >&5
configure:6432: $? = 0
configure:6459: g++ -c -I${prefix}/include -Wno-unused-variable -Werror -I${prefix}/include conftest.cpp >&5
conftest.cpp:19:1: error: 'an_error' does not name a type
 an_error "intentional-error-for-test.h"
 ^~~~~~~~
configure:6459: $? = 1
configure: failed program was:
| /* confdefs.h */
| #define PACKAGE_NAME "Verilator"
| #define PACKAGE_TARNAME "verilator"
| #define PACKAGE_VERSION "4.014 2019-05-08"
| #define PACKAGE_STRING "Verilator 4.014 2019-05-08"
| #define PACKAGE_BUGREPORT "https://www.veripool.org/verilator"
| #define PACKAGE_URL "https://www.veripool.org/verilator"
| #define STDC_HEADERS 1
| #define HAVE_SYS_TYPES_H 1
| #define HAVE_SYS_STAT_H 1
| #define HAVE_STDLIB_H 1
| #define HAVE_STRING_H 1
| #define HAVE_MEMORY_H 1
| #define HAVE_STRINGS_H 1
| #define HAVE_INTTYPES_H 1
| #define HAVE_STDINT_H 1
| #define HAVE_UNISTD_H 1
| /* end confdefs.h.  */
| an_error "intentional-error-for-test.h"
| 
| int
| main ()
| {
| 
|   ;
|   return 0;
| }
configure:6470: result: yes
configure:6486: checking whether g++ accepts -Wno-shadow
configure:6499: g++ -o conftest -I${prefix}/include -Wno-shadow -Werror -I${prefix}/include -L${exec_prefix}/lib conftest.cpp  >&5
configure:6499: $? = 0
configure:6526: g++ -c -I${prefix}/include -Wno-shadow -Werror -I${prefix}/include conftest.cpp >&5
conftest.cpp:19:1: error: 'an_error' does not name a type
 an_error "intentional-error-for-test.h"
 ^~~~~~~~
configure:6526: $? = 1
configure: failed program was:
| /* confdefs.h */
| #define PACKAGE_NAME "Verilator"
| #define PACKAGE_TARNAME "verilator"
| #define PACKAGE_VERSION "4.014 2019-05-08"
| #define PACKAGE_STRING "Verilator 4.014 2019-05-08"
| #define PACKAGE_BUGREPORT "https://www.veripool.org/verilator"
| #define PACKAGE_URL "https://www.veripool.org/verilator"
| #define STDC_HEADERS 1
| #define HAVE_SYS_TYPES_H 1
| #define HAVE_SYS_STAT_H 1
| #define HAVE_STDLIB_H 1
| #define HAVE_STRING_H 1
| #define HAVE_MEMORY_H 1
| #define HAVE_STRINGS_H 1
| #define HAVE_INTTYPES_H 1
| #define HAVE_STDINT_H 1
| #define HAVE_UNISTD_H 1
| /* end confdefs.h.  */
| an_error "intentional-error-for-test.h"
| 
| int
| main ()
| {
| 
|   ;
|   return 0;
| }
configure:6537: result: yes
configure:6554: checking whether g++ linker accepts -mt
configure:6567: g++ -o conftest -I${prefix}/include -I${prefix}/include -L${exec_prefix}/lib conftest.cpp  -mt >&5
g++: error: unrecognized command line option '-mt'; did you mean '-t'?
configure:6567: $? = 1
configure: failed program was:
| /* confdefs.h */
| #define PACKAGE_NAME "Verilator"
| #define PACKAGE_TARNAME "verilator"
| #define PACKAGE_VERSION "4.014 2019-05-08"
| #define PACKAGE_STRING "Verilator 4.014 2019-05-08"
| #define PACKAGE_BUGREPORT "https://www.veripool.org/verilator"
| #define PACKAGE_URL "https://www.veripool.org/verilator"
| #define STDC_HEADERS 1
| #define HAVE_SYS_TYPES_H 1
| #define HAVE_SYS_STAT_H 1
| #define HAVE_STDLIB_H 1
| #define HAVE_STRING_H 1
| #define HAVE_MEMORY_H 1
| #define HAVE_STRINGS_H 1
| #define HAVE_INTTYPES_H 1
| #define HAVE_STDINT_H 1
| #define HAVE_UNISTD_H 1
| /* end confdefs.h.  */
| 
| int
| main ()
| {
| 
|   ;
|   return 0;
| }
configure:6579: result: no
configure:6593: checking whether g++ linker accepts -pthread
configure:6606: g++ -o conftest -I${prefix}/include -I${prefix}/include -L${exec_prefix}/lib conftest.cpp  -pthread >&5
configure:6606: $? = 0
configure:6618: result: yes
configure:6632: checking whether g++ linker accepts -lpthread
configure:6645: g++ -o conftest -I${prefix}/include -I${prefix}/include -L${exec_prefix}/lib conftest.cpp  -lpthread >&5
configure:6645: $? = 0
configure:6657: result: yes
configure:6671: checking whether g++ linker accepts -latomic
configure:6684: g++ -o conftest -I${prefix}/include -I${prefix}/include -L${exec_prefix}/lib conftest.cpp  -latomic >&5
configure:6684: $? = 0
configure:6696: result: yes
configure:6707: checking whether g++ supports Verilated threads
configure:6722: g++ -o conftest -I${prefix}/include -std=gnu++14  -faligned-new -Wno-bool-operation -Wno-sign-compare -Wno-uninitialized -Wno-unused-but-set-variable -Wno-unused-parameter -Wno-unused-variable -Wno-shadow -I${prefix}/include -L${exec_prefix}/lib conftest.cpp  >&5
configure:6722: $? = 0
configure:6736: result: yes
configure:6757: checking for struct stat.st_mtim.tv_nsec
configure:6757: g++ -c -I${prefix}/include -std=gnu++14  -faligned-new -Wno-bool-operation -Wno-sign-compare -Wno-uninitialized -Wno-unused-but-set-variable -Wno-unused-parameter -Wno-unused-variable -Wno-shadow -I${prefix}/include conftest.cpp >&5
configure:6757: $? = 0
configure:6757: result: yes
configure:6888: creating ./config.status

## ---------------------- ##
## Running config.status. ##
## ---------------------- ##

This file was extended by Verilator config.status 4.014 2019-05-08, which was
generated by GNU Autoconf 2.69.  Invocation command line was

  CONFIG_FILES    = 
  CONFIG_HEADERS  = 
  CONFIG_LINKS    = 
  CONFIG_COMMANDS = 
  $ ./config.status 

on note-ubs

config.status:831: creating Makefile
config.status:831: creating src/Makefile
config.status:831: creating src/Makefile_obj
config.status:831: creating include/verilated.mk
config.status:831: creating include/verilated_config.h
config.status:831: creating verilator.pc
config.status:831: creating src/config_build.h
config.status:1006: src/config_build.h is unchanged
configure:8059: result: 
configure:8061: result: Now type 'make' (or sometimes 'gmake') to build Verilator.
configure:8063: result: 

## ---------------- ##
## Cache variables. ##
## ---------------- ##

ac_cv_c_compiler_gnu=yes
ac_cv_c_inline=inline
ac_cv_cxx_compiler_gnu=yes
ac_cv_env_CCC_set=
ac_cv_env_CCC_value=
ac_cv_env_CC_set=set
ac_cv_env_CC_value=gcc
ac_cv_env_CFLAGS_set=
ac_cv_env_CFLAGS_value=
ac_cv_env_CPPFLAGS_set=
ac_cv_env_CPPFLAGS_value=
ac_cv_env_CXXCPP_set=
ac_cv_env_CXXCPP_value=
ac_cv_env_CXXFLAGS_set=
ac_cv_env_CXXFLAGS_value=
ac_cv_env_CXX_set=set
ac_cv_env_CXX_value=g++
ac_cv_env_LDFLAGS_set=
ac_cv_env_LDFLAGS_value=
ac_cv_env_LIBS_set=
ac_cv_env_LIBS_value=
ac_cv_env_build_alias_set=
ac_cv_env_build_alias_value=
ac_cv_env_host_alias_set=
ac_cv_env_host_alias_value=
ac_cv_env_target_alias_set=
ac_cv_env_target_alias_value=
ac_cv_header_inttypes_h=yes
ac_cv_header_memory_h=yes
ac_cv_header_stdc=yes
ac_cv_header_stdint_h=yes
ac_cv_header_stdlib_h=yes
ac_cv_header_string_h=yes
ac_cv_header_strings_h=yes
ac_cv_header_sys_stat_h=yes
ac_cv_header_sys_types_h=yes
ac_cv_header_unistd_h=yes
ac_cv_member_struct_stat_st_mtim_tv_nsec=yes
ac_cv_objext=o
ac_cv_path_EGREP='/bin/grep -E'
ac_cv_path_GREP=/bin/grep
ac_cv_path_LEX=/usr/bin/flex
ac_cv_path_PERL=/usr/bin/perl
ac_cv_path_YACC=/usr/bin/bison
ac_cv_path_install='/usr/bin/install -c'
ac_cv_prog_CXXCPP='g++ -E'
ac_cv_prog_ac_ct_CC=gcc
ac_cv_prog_cc_c89=
ac_cv_prog_cc_g=yes
ac_cv_prog_cxx_g=yes
ac_cv_type_size_t=yes

## ----------------- ##
## Output variables. ##
## ----------------- ##

CC='gcc'
CFG_CXXFLAGS_NO_UNUSED=' -faligned-new -Wno-bool-operation -Wno-sign-compare -Wno-uninitialized -Wno-unused-but-set-variable -Wno-unused-parameter -Wno-unused-variable -Wno-shadow'
CFG_CXXFLAGS_PARSER=' -Wno-char-subscripts -Wno-unused'
CFG_CXXFLAGS_SRC=' -faligned-new -Wno-unused-parameter -Wno-shadow'
CFG_CXXFLAGS_STD_NEWEST='-std=gnu++14'
CFG_CXXFLAGS_STD_OLDEST='-std=c++03'
CFG_CXXFLAGS_WEXTRA=' -Wextra -Wfloat-conversion -Wlogical-op'
CFG_LDLIBS_THREADS=' -pthread -lpthread -latomic'
CFG_WITH_CCWARN='no'
CFG_WITH_DEFENV='yes'
CFG_WITH_LONGTESTS='no'
CFG_WITH_PREC11='no'
CFG_WITH_THREADED='yes'
CFLAGS='-I${prefix}/include'
CPPFLAGS='-I${prefix}/include'
CXX='g++'
CXXCPP='g++ -E'
CXXFLAGS='-I${prefix}/include -std=gnu++14  -faligned-new -Wno-bool-operation -Wno-sign-compare -Wno-uninitialized -Wno-unused-but-set-variable -Wno-unused-parameter -Wno-unused-variable -Wno-shadow'
DEFS='-DHAVE_CONFIG_H'
ECHO_C=''
ECHO_N='-n'
ECHO_T=''
EGREP='/bin/grep -E'
EXEEXT=''
GREP='/bin/grep'
INSTALL_DATA='${INSTALL} -m 644'
INSTALL_PROGRAM='${INSTALL}'
INSTALL_SCRIPT='${INSTALL}'
LDFLAGS='-L${exec_prefix}/lib'
LEX='/usr/bin/flex'
LIBOBJS=''
LIBS=''
LTLIBOBJS=''
OBJEXT='o'
PACKAGE_BUGREPORT='https://www.veripool.org/verilator'
PACKAGE_NAME='Verilator'
PACKAGE_STRING='Verilator 4.014 2019-05-08'
PACKAGE_TARNAME='verilator'
PACKAGE_URL='https://www.veripool.org/verilator'
PACKAGE_VERSION='4.014 2019-05-08'
PATH_SEPARATOR=':'
PERL='/usr/bin/perl'
SHELL='/bin/bash'
YACC='/usr/bin/bison'
ac_ct_CC='gcc'
ac_ct_CXX=''
bindir='${exec_prefix}/bin'
build_alias=''
datadir='${datarootdir}'
datarootdir='${prefix}/share'
docdir='${datarootdir}/doc/${PACKAGE_TARNAME}'
dvidir='${docdir}'
exec_prefix='${prefix}'
host_alias=''
htmldir='${docdir}'
includedir='${prefix}/include'
infodir='${datarootdir}/info'
libdir='${exec_prefix}/lib'
libexecdir='${exec_prefix}/libexec'
localedir='${datarootdir}/locale'
localstatedir='${prefix}/var'
mandir='${datarootdir}/man'
oldincludedir='/usr/include'
pdfdir='${docdir}'
pkgconfigdir='${datarootdir}/pkgconfig'
pkgdatadir='${datarootdir}/verilator'
prefix='/home/ruaro/openpiton/piton/design/chip/tile/ariane//tmp/verilator-4.014'
program_transform_name='s,x,x,'
psdir='${docdir}'
runstatedir='${localstatedir}/run'
sbindir='${exec_prefix}/sbin'
sharedstatedir='${prefix}/com'
sysconfdir='${prefix}/etc'
target_alias=''

## ----------- ##
## confdefs.h. ##
## ----------- ##

/* confdefs.h */
#define PACKAGE_NAME "Verilator"
#define PACKAGE_TARNAME "verilator"
#define PACKAGE_VERSION "4.014 2019-05-08"
#define PACKAGE_STRING "Verilator 4.014 2019-05-08"
#define PACKAGE_BUGREPORT "https://www.veripool.org/verilator"
#define PACKAGE_URL "https://www.veripool.org/verilator"
#define STDC_HEADERS 1
#define HAVE_SYS_TYPES_H 1
#define HAVE_SYS_STAT_H 1
#define HAVE_STDLIB_H 1
#define HAVE_STRING_H 1
#define HAVE_MEMORY_H 1
#define HAVE_STRINGS_H 1
#define HAVE_INTTYPES_H 1
#define HAVE_STDINT_H 1
#define HAVE_UNISTD_H 1
#define HAVE_STAT_NSEC 1

configure: exit 0
